start pull-->
2024-02-15 16:25:01
Already up to date.
<--end pull
start pull-->
2024-02-15 16:26:01
Already up to date.
<--end pull
start pull-->
2024-02-15 16:27:01
Already up to date.
<--end pull
start pull-->
2024-02-15 16:28:01
From github.com:shimguh/s.blog
   c215ccb..76b516e  main       -> origin/main
Already up to date.
<--end pull
start pull-->
2024-02-15 16:29:01
Already up to date.
<--end pull
start pull-->
2024-02-15 16:30:01
Already up to date.
<--end pull
start pull-->
2024-02-15 16:31:01
Already up to date.
<--end pull
